{
  "stats": {
    "suites": 4,
    "tests": 6,
    "passes": 6,
    "pending": 0,
    "failures": 0,
    "start": "2025-02-12T08:00:13.270Z",
    "end": "2025-02-12T08:00:15.762Z",
    "duration": 2492,
    "testsRegistered": 6,
    "passPercent": 100,
    "pendingPercent": 0,
    "other": 0,
    "hasOther": false,
    "skipped": 0,
    "hasSkipped": false
  },
  "results": [
    {
      "uuid": "2052c10c-c8b6-4570-912f-044f6bb846f6",
      "title": "",
      "fullFile": "",
      "file": "",
      "beforeHooks": [],
      "afterHooks": [],
      "tests": [],
      "suites": [
        {
          "uuid": "b6c17fe7-8db9-46e4-a05f-1eb83cf36ead",
          "title": "Delete Reqres",
          "fullFile": "D:\\Mini Bootcamp QA\\API Automation\\APIAuto_reqres\\test\\deleteReqres.js",
          "file": "\\test\\deleteReqres.js",
          "beforeHooks": [],
          "afterHooks": [],
          "tests": [
            {
              "title": "Delete data should be success",
              "fullTitle": "Delete Reqres Delete data should be success",
              "timedOut": false,
              "duration": 722,
              "state": "passed",
              "speed": "slow",
              "pass": true,
              "fail": false,
              "pending": false,
              "context": null,
              "code": "const res = await fetch(\"https://reqres.in/api/users/5\", {\n  method: \"DELETE\",\n});\nassert.strictEqual(res.status, 204);",
              "err": {},
              "uuid": "9f51ca32-9ec4-492d-8693-3e4591644e70",
              "parentUUID": "b6c17fe7-8db9-46e4-a05f-1eb83cf36ead",
              "isHook": false,
              "skipped": false
            }
          ],
          "suites": [],
          "passes": [
            "9f51ca32-9ec4-492d-8693-3e4591644e70"
          ],
          "failures": [],
          "pending": [],
          "skipped": [],
          "duration": 722,
          "root": false,
          "rootEmpty": false,
          "_timeout": 10000
        },
        {
          "uuid": "912947b2-f311-4a58-bb3a-712ed667f7f5",
          "title": "Get Reqres",
          "fullFile": "D:\\Mini Bootcamp QA\\API Automation\\APIAuto_reqres\\test\\getReqres.js",
          "file": "\\test\\getReqres.js",
          "beforeHooks": [],
          "afterHooks": [],
          "tests": [
            {
              "title": "User with valid data should be success",
              "fullTitle": "Get Reqres User with valid data should be success",
              "timedOut": false,
              "duration": 70,
              "state": "passed",
              "speed": "medium",
              "pass": true,
              "fail": false,
              "pending": false,
              "context": null,
              "code": "const response = await fetch(\"https://reqres.in/api/users/2\");\nconst dataResponse = await response.json();\nassert.strictEqual(response.status, 200);\nassert.strictEqual(dataResponse.data.first_name, \"Janet\");\nconsole.log(\"Response Get :\" + JSON.stringify(dataResponse, null, 2));",
              "err": {},
              "uuid": "f66f361a-7178-41f8-b7d5-f1a772f77732",
              "parentUUID": "912947b2-f311-4a58-bb3a-712ed667f7f5",
              "isHook": false,
              "skipped": false
            },
            {
              "title": "User with invalid data should be failed",
              "fullTitle": "Get Reqres User with invalid data should be failed",
              "timedOut": false,
              "duration": 420,
              "state": "passed",
              "speed": "slow",
              "pass": true,
              "fail": false,
              "pending": false,
              "context": null,
              "code": "const response = await fetch(\"https://reqres.in/api/users/23\");\nassert.strictEqual(response.status, 404);",
              "err": {},
              "uuid": "a3c85af9-2b80-4d3e-8c80-6a3ace449a70",
              "parentUUID": "912947b2-f311-4a58-bb3a-712ed667f7f5",
              "isHook": false,
              "skipped": false
            },
            {
              "title": "Data should return JSON response",
              "fullTitle": "Get Reqres Data should return JSON response",
              "timedOut": false,
              "duration": 418,
              "state": "passed",
              "speed": "slow",
              "pass": true,
              "fail": false,
              "pending": false,
              "context": null,
              "code": "const response = await fetch(\"https://reqres.in/api/users/4\");\nassert.strictEqual(\n  response.headers.get(\"content-type\"),\n  \"application/json; charset=utf-8\"\n);",
              "err": {},
              "uuid": "93b3fddc-2cd9-4be6-8b14-99e9a3262628",
              "parentUUID": "912947b2-f311-4a58-bb3a-712ed667f7f5",
              "isHook": false,
              "skipped": false
            }
          ],
          "suites": [],
          "passes": [
            "f66f361a-7178-41f8-b7d5-f1a772f77732",
            "a3c85af9-2b80-4d3e-8c80-6a3ace449a70",
            "93b3fddc-2cd9-4be6-8b14-99e9a3262628"
          ],
          "failures": [],
          "pending": [],
          "skipped": [],
          "duration": 908,
          "root": false,
          "rootEmpty": false,
          "_timeout": 10000
        },
        {
          "uuid": "8e58ec70-620f-4cfd-8d1e-8d5f157f0492",
          "title": "Patch Reqres",
          "fullFile": "D:\\Mini Bootcamp QA\\API Automation\\APIAuto_reqres\\test\\patchReqres.js",
          "file": "\\test\\patchReqres.js",
          "beforeHooks": [],
          "afterHooks": [],
          "tests": [
            {
              "title": "should update a user and return status 200",
              "fullTitle": "Patch Reqres should update a user and return status 200",
              "timedOut": false,
              "duration": 422,
              "state": "passed",
              "speed": "slow",
              "pass": true,
              "fail": false,
              "pending": false,
              "context": null,
              "code": "const url = \"https://reqres.in/api/users/3\";\nconst reqData = {\n  name: \"Zoro\",\n  job: \"co leader\",\n};\nconst response = await fetch(url, {\n  method: \"PATCH\",\n  headers: {\n    \"Content-Type\": \"application/json\",\n  },\n  body: JSON.stringify(reqData),\n});\nconst data = await response.json();\nconsole.log(\"Response Update: \" + JSON.stringify(data, null, 2));\nassert.strictEqual(response.status, 200);\nassert.strictEqual(data.name, \"Zoro\");\nassert.strictEqual(data.job, \"co leader\");",
              "err": {},
              "uuid": "a37f7bbb-b338-431a-aced-e44e33e0c7fa",
              "parentUUID": "8e58ec70-620f-4cfd-8d1e-8d5f157f0492",
              "isHook": false,
              "skipped": false
            }
          ],
          "suites": [],
          "passes": [
            "a37f7bbb-b338-431a-aced-e44e33e0c7fa"
          ],
          "failures": [],
          "pending": [],
          "skipped": [],
          "duration": 422,
          "root": false,
          "rootEmpty": false,
          "_timeout": 10000
        },
        {
          "uuid": "dbabaa8c-f686-451f-a90a-8c413a02b485",
          "title": "Post Reqres",
          "fullFile": "D:\\Mini Bootcamp QA\\API Automation\\APIAuto_reqres\\test\\postReqres.js",
          "file": "\\test\\postReqres.js",
          "beforeHooks": [],
          "afterHooks": [],
          "tests": [
            {
              "title": "should create a new user and return status 201",
              "fullTitle": "Post Reqres should create a new user and return status 201",
              "timedOut": false,
              "duration": 416,
              "state": "passed",
              "speed": "slow",
              "pass": true,
              "fail": false,
              "pending": false,
              "context": null,
              "code": "const url = \"https://reqres.in/api/users\";\nconst reqData = {\n  name: \"Luffy\",\n  job: \"leader\",\n};\nconst response = await fetch(url, {\n  method: \"POST\",\n  headers: {\n    \"Content-Type\": \"application/json\",\n  },\n  body: JSON.stringify(reqData),\n});\nconst data = await response.json();\nconsole.log(\"Response Post :\" + JSON.stringify(data, null, 2));\nassert.strictEqual(response.status, 201);",
              "err": {},
              "uuid": "e8440f5d-ebd0-42a8-9332-60ac0e58dcbb",
              "parentUUID": "dbabaa8c-f686-451f-a90a-8c413a02b485",
              "isHook": false,
              "skipped": false
            }
          ],
          "suites": [],
          "passes": [
            "e8440f5d-ebd0-42a8-9332-60ac0e58dcbb"
          ],
          "failures": [],
          "pending": [],
          "skipped": [],
          "duration": 416,
          "root": false,
          "rootEmpty": false,
          "_timeout": 10000
        }
      ],
      "passes": [],
      "failures": [],
      "pending": [],
      "skipped": [],
      "duration": 0,
      "root": true,
      "rootEmpty": true,
      "_timeout": 2000
    }
  ],
  "meta": {
    "mocha": {
      "version": "11.1.0"
    },
    "mochawesome": {
      "options": {
        "quiet": false,
        "reportFilename": "mochawesome",
        "saveHtml": true,
        "saveJson": true,
        "consoleReporter": "spec",
        "useInlineDiffs": false,
        "code": true
      },
      "version": "7.1.3"
    },
    "marge": {
      "options": null,
      "version": "6.2.0"
    }
  }
}